Using pre-set license
Built from '2022.3/staging' branch; Version is '2022.3.30f1 (70558241b701) revision 7361922'; Using compiler version '192829333'; Build Type 'Release'
OS: 'Windows 11  (10.0.22631) 64bit Professional' Language: 'es' Physical Memory: 32691 MB
BatchMode: 1, IsHumanControllingUs: 0, StartBugReporterOnCrash: 0, Is64bit: 1, IsPro: 1

COMMAND LINE ARGUMENTS:
C:\Program Files\Unity\Hub\Editor\2022.3.30f1\Editor\Unity.exe
-adb2
-batchMode
-noUpm
-name
AssetImportWorker3
-projectPath
C:/Users/matia/OneDrive/Escritorio/zombiehunter/ZombieHunter
-logFile
Logs/AssetImportWorker3.log
-srvPort
59429
Successfully changed project path to: C:/Users/matia/OneDrive/Escritorio/zombiehunter/ZombieHunter
C:/Users/matia/OneDrive/Escritorio/zombiehunter/ZombieHunter
[UnityMemory] Configuration Parameters - Can be set up in boot.config
    "memorysetup-bucket-allocator-granularity=16"
    "memorysetup-bucket-allocator-bucket-count=8"
    "memorysetup-bucket-allocator-block-size=33554432"
    "memorysetup-bucket-allocator-block-count=8"
    "memorysetup-main-allocator-block-size=16777216"
    "memorysetup-thread-allocator-block-size=16777216"
    "memorysetup-gfx-main-allocator-block-size=16777216"
    "memorysetup-gfx-thread-allocator-block-size=16777216"
    "memorysetup-cache-allocator-block-size=4194304"
    "memorysetup-typetree-allocator-block-size=2097152"
    "memorysetup-profiler-bucket-allocator-granularity=16"
    "memorysetup-profiler-bucket-allocator-bucket-count=8"
    "memorysetup-profiler-bucket-allocator-block-size=33554432"
    "memorysetup-profiler-bucket-allocator-block-count=8"
    "memorysetup-profiler-allocator-block-size=16777216"
    "memorysetup-profiler-editor-allocator-block-size=1048576"
    "memorysetup-temp-allocator-size-main=16777216"
    "memorysetup-job-temp-allocator-block-size=2097152"
    "memorysetup-job-temp-allocator-block-size-background=1048576"
    "memorysetup-job-temp-allocator-reduction-small-platforms=262144"
    "memorysetup-allocator-temp-initial-block-size-main=262144"
    "memorysetup-allocator-temp-initial-block-size-worker=262144"
    "memorysetup-temp-allocator-size-background-worker=32768"
    "memorysetup-temp-allocator-size-job-worker=262144"
    "memorysetup-temp-allocator-size-preload-manager=33554432"
    "memorysetup-temp-allocator-size-nav-mesh-worker=65536"
    "memorysetup-temp-allocator-size-audio-worker=65536"
    "memorysetup-temp-allocator-size-cloud-worker=32768"
    "memorysetup-temp-allocator-size-gi-baking-worker=262144"
    "memorysetup-temp-allocator-size-gfx=262144"
Player connection [18364] Host "[IP] 192.168.100.150 [Port] 0 [Flags] 2 [Guid] 3402615794 [EditorId] 3402615794 [Version] 1048832 [Id] WindowsEditor(7,MATIAS) [Debug] 1 [PackageName] WindowsEditor [ProjectName] Editor" joined multi-casting on [225.0.0.222:54997]...

Player connection [18364] Host "[IP] 192.168.100.150 [Port] 0 [Flags] 2 [Guid] 3402615794 [EditorId] 3402615794 [Version] 1048832 [Id] WindowsEditor(7,MATIAS) [Debug] 1 [PackageName] WindowsEditor [ProjectName] Editor" joined alternative multi-casting on [225.0.0.222:34997]...

[Physics::Module] Initialized MultithreadedJobDispatcher with 11 workers.
Refreshing native plugins compatible for Editor in 10.92 ms, found 4 plugins.
Preloading 0 native plugins for Editor in 0.00 ms.
Initialize engine version: 2022.3.30f1 (70558241b701)
[Subsystems] Discovering subsystems at path C:/Program Files/Unity/Hub/Editor/2022.3.30f1/Editor/Data/Resources/UnitySubsystems
[Subsystems] Discovering subsystems at path C:/Users/matia/OneDrive/Escritorio/zombiehunter/ZombieHunter/Assets
GfxDevice: creating device client; threaded=0; jobified=0
Direct3D:
    Version:  Direct3D 11.0 [level 11.1]
    Renderer: NVIDIA GeForce RTX 3070 (ID=0x2484)
    Vendor:   NVIDIA
    VRAM:     8018 MB
    Driver:   32.0.15.5612
Initialize mono
Mono path[0] = 'C:/Program Files/Unity/Hub/Editor/2022.3.30f1/Editor/Data/Managed'
Mono path[1] = 'C:/Program Files/Unity/Hub/Editor/2022.3.30f1/Editor/Data/MonoBleedingEdge/lib/mono/unityjit-win32'
Mono config path = 'C:/Program Files/Unity/Hub/Editor/2022.3.30f1/Editor/Data/MonoBleedingEdge/etc'
Using monoOptions --debugger-agent=transport=dt_socket,embedding=1,server=y,suspend=n,address=127.0.0.1:56748
Begin MonoManager ReloadAssembly
Registering precompiled unity dll's ...
Register platform support module: C:/Program Files/Unity/Hub/Editor/2022.3.30f1/Editor/Data/PlaybackEngines/WebGLSupport/UnityEditor.WebGL.Extensions.dll
Register platform support module: C:/Program Files/Unity/Hub/Editor/2022.3.30f1/Editor/Data/PlaybackEngines/WindowsStandaloneSupport/UnityEditor.WindowsStandalone.Extensions.dll
Registered in 0.007269 seconds.
- Loaded All Assemblies, in  0.259 seconds
Native extension for WindowsStandalone target not found
Native extension for WebGL target not found
Mono: successfully reloaded assembly
- Finished resetting the current domain, in  0.202 seconds
Domain Reload Profiling: 460ms
	BeginReloadAssembly (84ms)
		ExecutionOrderSort (0ms)
		DisableScriptedObjects (0ms)
		BackupInstance (0ms)
		ReleaseScriptingObjects (0ms)
		CreateAndSetChildDomain (1ms)
	RebuildCommonClasses (24ms)
	RebuildNativeTypeToScriptingClass (8ms)
	initialDomainReloadingComplete (46ms)
	LoadAllAssembliesAndSetupDomain (96ms)
		LoadAssemblies (82ms)
		RebuildTransferFunctionScriptingTraits (0ms)
		AnalyzeDomain (95ms)
			TypeCache.Refresh (94ms)
				TypeCache.ScanAssembly (85ms)
			ScanForSourceGeneratedMonoScriptInfo (0ms)
			ResolveRequiredComponents (0ms)
	FinalizeReload (202ms)
		ReleaseScriptCaches (0ms)
		RebuildScriptCaches (0ms)
		SetupLoadedEditorAssemblies (160ms)
			LogAssemblyErrors (0ms)
			InitializePlatformSupportModulesInManaged (7ms)
			SetLoadedEditorAssemblies (4ms)
			RefreshPlugins (0ms)
			BeforeProcessingInitializeOnLoad (2ms)
			ProcessInitializeOnLoadAttributes (113ms)
			ProcessInitializeOnLoadMethodAttributes (35ms)
			AfterProcessingInitializeOnLoad (0ms)
			EditorAssembliesLoaded (0ms)
		ExecutionOrderSort2 (0ms)
		AwakeInstancesAfterBackupRestoration (0ms)
========================================================================
Worker process is ready to serve import requests
Begin MonoManager ReloadAssembly
- Loaded All Assemblies, in  0.467 seconds
Refreshing native plugins compatible for Editor in 4.83 ms, found 4 plugins.
Native extension for WindowsStandalone target not found
Native extension for WebGL target not found
Package Manager log level set to [2]
[Package Manager] Server::EnsureServerProcessIsRunning -- launch failed, reason: Unity was launched with the -noUpm command-line argument
[Package Manager] UpmClient::Send -- Unable to send message (not connected to UPM process).
[Package Manager] Cannot connect to Unity Package Manager local server
Mono: successfully reloaded assembly
- Finished resetting the current domain, in  0.571 seconds
Domain Reload Profiling: 1035ms
	BeginReloadAssembly (115ms)
		ExecutionOrderSort (0ms)
		DisableScriptedObjects (4ms)
		BackupInstance (0ms)
		ReleaseScriptingObjects (0ms)
		CreateAndSetChildDomain (16ms)
	RebuildCommonClasses (24ms)
	RebuildNativeTypeToScriptingClass (7ms)
	initialDomainReloadingComplete (33ms)
	LoadAllAssembliesAndSetupDomain (284ms)
		LoadAssemblies (236ms)
		RebuildTransferFunctionScriptingTraits (0ms)
		AnalyzeDomain (117ms)
			TypeCache.Refresh (98ms)
				TypeCache.ScanAssembly (87ms)
			ScanForSourceGeneratedMonoScriptInfo (15ms)
			ResolveRequiredComponents (4ms)
	FinalizeReload (571ms)
		ReleaseScriptCaches (0ms)
		RebuildScriptCaches (0ms)
		SetupLoadedEditorAssemblies (461ms)
			LogAssemblyErrors (0ms)
			InitializePlatformSupportModulesInManaged (6ms)
			SetLoadedEditorAssemblies (3ms)
			RefreshPlugins (0ms)
			BeforeProcessingInitializeOnLoad (54ms)
			ProcessInitializeOnLoadAttributes (362ms)
			ProcessInitializeOnLoadMethodAttributes (29ms)
			AfterProcessingInitializeOnLoad (7ms)
			EditorAssembliesLoaded (0ms)
		ExecutionOrderSort2 (0ms)
		AwakeInstancesAfterBackupRestoration (5ms)
Launched and connected shader compiler UnityShaderCompiler.exe after 0.03 seconds
Refreshing native plugins compatible for Editor in 4.72 ms, found 4 plugins.
Preloading 0 native plugins for Editor in 0.00 ms.
Unloading 4062 Unused Serialized files (Serialized files now loaded: 0)
Unloading 65 unused Assets / (61.7 KB). Loaded Objects now: 4524.
Memory consumption went from 141.9 MB to 141.8 MB.
Total: 3.199100 ms (FindLiveObjects: 0.249400 ms CreateObjectMapping: 0.181200 ms MarkObjects: 2.654400 ms  DeleteObjects: 0.113500 ms)

AssetImportParameters requested are different than current active one (requested -> active):
  custom:container-demuxer-ogg: 62fdf1f143b41e24485cea50d1cbac27 -> 
  custom:video-codec-MediaFoundation-h265: 746d11721c4dcdbdad8f713fa42b33f4 -> 
  custom:video-decoder-ogg-theora: a1e56fd34408186e4bbccfd4996cb3dc -> 
  custom:framework-win-MediaFoundation: 216162199b28c13a410421893ffa2e32 -> 
  custom:CustomObjectIndexerAttribute: 9a22284fe3817be447336de3de66b15e -> 
  custom:container-demuxer-webm: 4f35f7cbe854078d1ac9338744f61a02 -> 
  custom:container-muxer-webm: aa71ff27fc2769a1b78a27578f13a17b -> 
  custom:video-decoder-webm-vp8: 9c59270c3fd7afecdb556c50c9e8de78 -> 
  custom:SearchIndexIgnoredProperties: e643bd26f0fe6173181afceb89e7c659 -> 
  custom:AudioImporter_EditorPlatform: d09bf68614088b80899f8185d706f6e7 -> 
  custom:video-encoder-webm-vp8: eb34c28f22e8b96e1ab97ce403110664 -> 
  custom:audio-decoder-ogg-vorbis: bf7c407c2cedff20999df2af8eb42d56 -> 
  custom:audio-encoder-webm-vorbis: bf7c407c2cedff20999df2af8eb42d56 -> 
========================================================================
Received Import Request.
  Time since last request: 1177266.270792 seconds.
  path: Assets/GROUND TILESETS RULE TILES/Ground Tiles V1/Ground Sprites/1-1.png
  artifactKey: Guid(62223ab694784a2448daec9c6bdd2409) Importer(815301076,1909f56bfc062723c751e8b465ee728b)
Start importing Assets/GROUND TILESETS RULE TILES/Ground Tiles V1/Ground Sprites/1-1.png using Guid(62223ab694784a2448daec9c6bdd2409) Importer(815301076,1909f56bfc062723c751e8b465ee728b)  -> (artifact id: 'b6f5396c219d9d9f0e522c8da5421e03') in 0.113098 seconds
Number of updated asset objects reloaded before import = 0
Number of asset objects unloaded after import = 17
========================================================================
Received Import Request.
  Time since last request: 0.000022 seconds.
  path: Assets/GROUND TILESETS RULE TILES/Ground Tiles V1/Ground Sprites/7-1.png
  artifactKey: Guid(f739900167768464181cfacd1e36fe49) Importer(815301076,1909f56bfc062723c751e8b465ee728b)
Start importing Assets/GROUND TILESETS RULE TILES/Ground Tiles V1/Ground Sprites/7-1.png using Guid(f739900167768464181cfacd1e36fe49) Importer(815301076,1909f56bfc062723c751e8b465ee728b)  -> (artifact id: '54f85b607c9802df389df93b98a57683') in 0.033438 seconds
Number of updated asset objects reloaded before import = 0
Number of asset objects unloaded after import = 17
========================================================================
Received Import Request.
  Time since last request: 0.000027 seconds.
  path: Assets/GROUND TILESETS RULE TILES/Ground Tiles V1/Ground Sprites/23.png
  artifactKey: Guid(eba4a32b18886554aa0c5a17308c00a5) Importer(815301076,1909f56bfc062723c751e8b465ee728b)
Start importing Assets/GROUND TILESETS RULE TILES/Ground Tiles V1/Ground Sprites/23.png using Guid(eba4a32b18886554aa0c5a17308c00a5) Importer(815301076,1909f56bfc062723c751e8b465ee728b)  -> (artifact id: '4233b28062e332c81d6740aa4da4fad1') in 0.031531 seconds
Number of updated asset objects reloaded before import = 0
Number of asset objects unloaded after import = 17
========================================================================
Received Import Request.
  Time since last request: 0.000017 seconds.
  path: Assets/GROUND TILESETS RULE TILES/Ground Tiles V1/Ground Sprites/260.png
  artifactKey: Guid(4d81290e8c8fb9b4390a9c23d4c0a505) Importer(815301076,1909f56bfc062723c751e8b465ee728b)
Start importing Assets/GROUND TILESETS RULE TILES/Ground Tiles V1/Ground Sprites/260.png using Guid(4d81290e8c8fb9b4390a9c23d4c0a505) Importer(815301076,1909f56bfc062723c751e8b465ee728b)  -> (artifact id: '56d490b1264d617da8e3fd317e7f070a') in 0.031891 seconds
Number of updated asset objects reloaded before import = 0
Number of asset objects unloaded after import = 17
========================================================================
Received Import Request.
  Time since last request: 0.000018 seconds.
  path: Assets/GROUND TILESETS RULE TILES/Ground Tiles V1/Ground Sprites/2.png
  artifactKey: Guid(ee8fa21901467e147b4d90f3c416de10) Importer(815301076,1909f56bfc062723c751e8b465ee728b)
Start importing Assets/GROUND TILESETS RULE TILES/Ground Tiles V1/Ground Sprites/2.png using Guid(ee8fa21901467e147b4d90f3c416de10) Importer(815301076,1909f56bfc062723c751e8b465ee728b)  -> (artifact id: '7b25d095422a2c3590f270b81e16de97') in 0.033003 seconds
Number of updated asset objects reloaded before import = 0
Number of asset objects unloaded after import = 17
========================================================================
Received Import Request.
  Time since last request: 0.000016 seconds.
  path: Assets/GROUND TILESETS RULE TILES/Ground Tiles V1/Ground Sprites/2-2.png
  artifactKey: Guid(9ade68b15fdd50d46bbc8ae143c3dc14) Importer(815301076,1909f56bfc062723c751e8b465ee728b)
Start importing Assets/GROUND TILESETS RULE TILES/Ground Tiles V1/Ground Sprites/2-2.png using Guid(9ade68b15fdd50d46bbc8ae143c3dc14) Importer(815301076,1909f56bfc062723c751e8b465ee728b)  -> (artifact id: 'e0a90ae5495c2bdce6d889a4b5b2630a') in 0.029398 seconds
Number of updated asset objects reloaded before import = 0
Number of asset objects unloaded after import = 17
========================================================================
Received Import Request.
  Time since last request: 0.000153 seconds.
  path: Assets/GROUND TILESETS RULE TILES/Ground Tiles V1/Ground Sprites/6.png
  artifactKey: Guid(d0d4fa699063f0b46abcef709079f6f3) Importer(815301076,1909f56bfc062723c751e8b465ee728b)
Start importing Assets/GROUND TILESETS RULE TILES/Ground Tiles V1/Ground Sprites/6.png using Guid(d0d4fa699063f0b46abcef709079f6f3) Importer(815301076,1909f56bfc062723c751e8b465ee728b)  -> (artifact id: 'be35c625045fed7157c3e122f41d2d7c') in 0.029983 seconds
Number of updated asset objects reloaded before import = 0
Number of asset objects unloaded after import = 17
========================================================================
Received Import Request.
  Time since last request: 0.000019 seconds.
  path: Assets/GROUND TILESETS RULE TILES/Ground Tiles V1/Ground Sprites/3-2.png
  artifactKey: Guid(a516805bd648cb04f816b865a0fba84a) Importer(815301076,1909f56bfc062723c751e8b465ee728b)
Start importing Assets/GROUND TILESETS RULE TILES/Ground Tiles V1/Ground Sprites/3-2.png using Guid(a516805bd648cb04f816b865a0fba84a) Importer(815301076,1909f56bfc062723c751e8b465ee728b)  -> (artifact id: '75988766231d6a3ceab2fd2aab22b0f5') in 0.033266 seconds
Number of updated asset objects reloaded before import = 0
Number of asset objects unloaded after import = 17
========================================================================
Received Import Request.
  Time since last request: 0.000018 seconds.
  path: Assets/GROUND TILESETS RULE TILES/Ground Tiles V1/Ground Sprites/4.png
  artifactKey: Guid(76ff30d66b5343546af80ea22c82a76c) Importer(815301076,1909f56bfc062723c751e8b465ee728b)
Start importing Assets/GROUND TILESETS RULE TILES/Ground Tiles V1/Ground Sprites/4.png using Guid(76ff30d66b5343546af80ea22c82a76c) Importer(815301076,1909f56bfc062723c751e8b465ee728b)  -> (artifact id: '5126773798b2635aaf1395df4545e0c4') in 0.031903 seconds
Number of updated asset objects reloaded before import = 0
Number of asset objects unloaded after import = 17
========================================================================
Received Import Request.
  Time since last request: 0.000018 seconds.
  path: Assets/GROUND TILESETS RULE TILES/Ground Tiles V1/Ground Sprites/2-4.png
  artifactKey: Guid(74400a261f08e6e44afceeecb6740d2f) Importer(815301076,1909f56bfc062723c751e8b465ee728b)
Start importing Assets/GROUND TILESETS RULE TILES/Ground Tiles V1/Ground Sprites/2-4.png using Guid(74400a261f08e6e44afceeecb6740d2f) Importer(815301076,1909f56bfc062723c751e8b465ee728b)  -> (artifact id: 'cda86ac68b81cd794a297f17d8b9a6a2') in 0.030360 seconds
Number of updated asset objects reloaded before import = 0
Number of asset objects unloaded after import = 17
========================================================================
Received Import Request.
  Time since last request: 0.000025 seconds.
  path: Assets/GROUND TILESETS RULE TILES/Ground Tiles V1/Ground Sprites/1-3.png
  artifactKey: Guid(c132d8cfe6e4d934ebc3d47faf1c088c) Importer(815301076,1909f56bfc062723c751e8b465ee728b)
Start importing Assets/GROUND TILESETS RULE TILES/Ground Tiles V1/Ground Sprites/1-3.png using Guid(c132d8cfe6e4d934ebc3d47faf1c088c) Importer(815301076,1909f56bfc062723c751e8b465ee728b)  -> (artifact id: '180a70a28b890fc10d2037b5f62e12bb') in 0.030458 seconds
Number of updated asset objects reloaded before import = 0
Number of asset objects unloaded after import = 17
========================================================================
Received Import Request.
  Time since last request: 0.000014 seconds.
  path: Assets/GROUND TILESETS RULE TILES/Ground Tiles V1/Ground Sprites/11.png
  artifactKey: Guid(a6cec8a318b8b6b40b34b1b1e5cfb649) Importer(815301076,1909f56bfc062723c751e8b465ee728b)
Start importing Assets/GROUND TILESETS RULE TILES/Ground Tiles V1/Ground Sprites/11.png using Guid(a6cec8a318b8b6b40b34b1b1e5cfb649) Importer(815301076,1909f56bfc062723c751e8b465ee728b)  -> (artifact id: 'fdd27b28f64ae518f9538eff438c0d5c') in 0.030834 seconds
Number of updated asset objects reloaded before import = 0
Number of asset objects unloaded after import = 17
========================================================================
Received Import Request.
  Time since last request: 0.000018 seconds.
  path: Assets/GROUND TILESETS RULE TILES/Ground Tiles V1/Ground Sprites/25.png
  artifactKey: Guid(9b287ba47f85a0a4c8a469a02523a4f0) Importer(815301076,1909f56bfc062723c751e8b465ee728b)
Start importing Assets/GROUND TILESETS RULE TILES/Ground Tiles V1/Ground Sprites/25.png using Guid(9b287ba47f85a0a4c8a469a02523a4f0) Importer(815301076,1909f56bfc062723c751e8b465ee728b)  -> (artifact id: '148519dfa722302f62921bbe4fae3c87') in 0.029489 seconds
Number of updated asset objects reloaded before import = 0
Number of asset objects unloaded after import = 17
========================================================================
Received Import Request.
  Time since last request: 0.000019 seconds.
  path: Assets/GROUND TILESETS RULE TILES/Ground Tiles V1/Ground Sprites/263.png
  artifactKey: Guid(7f0b231262b926e49bbb1a34e8b3e559) Importer(815301076,1909f56bfc062723c751e8b465ee728b)
Start importing Assets/GROUND TILESETS RULE TILES/Ground Tiles V1/Ground Sprites/263.png using Guid(7f0b231262b926e49bbb1a34e8b3e559) Importer(815301076,1909f56bfc062723c751e8b465ee728b)  -> (artifact id: '9572c7045b92650577a14d71e8abcb8b') in 0.030758 seconds
Number of updated asset objects reloaded before import = 0
Number of asset objects unloaded after import = 17
========================================================================
Received Import Request.
  Time since last request: 0.000015 seconds.
  path: Assets/GROUND TILESETS RULE TILES/Ground Tiles V1/Ground Sprites/16.png
  artifactKey: Guid(6f436d6c73d337943bd3d464f4796d82) Importer(815301076,1909f56bfc062723c751e8b465ee728b)
Start importing Assets/GROUND TILESETS RULE TILES/Ground Tiles V1/Ground Sprites/16.png using Guid(6f436d6c73d337943bd3d464f4796d82) Importer(815301076,1909f56bfc062723c751e8b465ee728b)  -> (artifact id: 'a9567cdff72f4d0ee891b3369db8f84c') in 0.030474 seconds
Number of updated asset objects reloaded before import = 0
Number of asset objects unloaded after import = 17
========================================================================
Received Import Request.
  Time since last request: 0.000017 seconds.
  path: Assets/GROUND TILESETS RULE TILES/Ground Tiles V1/Ground Sprites/18.png
  artifactKey: Guid(4aa78b267bd3ca849a25aebf56b5bda6) Importer(815301076,1909f56bfc062723c751e8b465ee728b)
Start importing Assets/GROUND TILESETS RULE TILES/Ground Tiles V1/Ground Sprites/18.png using Guid(4aa78b267bd3ca849a25aebf56b5bda6) Importer(815301076,1909f56bfc062723c751e8b465ee728b)  -> (artifact id: 'c6701d5c54e2588b106c7327306f6b4f') in 0.032228 seconds
Number of updated asset objects reloaded before import = 0
Number of asset objects unloaded after import = 17
========================================================================
Received Import Request.
  Time since last request: 0.000016 seconds.
  path: Assets/GROUND TILESETS RULE TILES/Ground Tiles V1/Ground Sprites/13.png
  artifactKey: Guid(da560ca7bb2e4e547992bb3c0cc72a01) Importer(815301076,1909f56bfc062723c751e8b465ee728b)
Start importing Assets/GROUND TILESETS RULE TILES/Ground Tiles V1/Ground Sprites/13.png using Guid(da560ca7bb2e4e547992bb3c0cc72a01) Importer(815301076,1909f56bfc062723c751e8b465ee728b)  -> (artifact id: '90e7f2c8d57a5aa9bdce30ac69052813') in 0.030295 seconds
Number of updated asset objects reloaded before import = 0
Number of asset objects unloaded after import = 17
========================================================================
Received Import Request.
  Time since last request: 0.000016 seconds.
  path: Assets/GROUND TILESETS RULE TILES/Ground Tiles V1/Ground Sprites/3.png
  artifactKey: Guid(644482fc66418684cbb8be2cc22fd968) Importer(815301076,1909f56bfc062723c751e8b465ee728b)
Start importing Assets/GROUND TILESETS RULE TILES/Ground Tiles V1/Ground Sprites/3.png using Guid(644482fc66418684cbb8be2cc22fd968) Importer(815301076,1909f56bfc062723c751e8b465ee728b)  -> (artifact id: '694de73d039c88fa60ae25c306fb2f7a') in 0.028922 seconds
Number of updated asset objects reloaded before import = 0
Number of asset objects unloaded after import = 17
========================================================================
Received Import Request.
  Time since last request: 0.000029 seconds.
  path: Assets/GROUND TILESETS RULE TILES/Ground Tiles V1/Ground Sprites/2-3.png
  artifactKey: Guid(f4594ac671b09754b8917310974c5221) Importer(815301076,1909f56bfc062723c751e8b465ee728b)
Start importing Assets/GROUND TILESETS RULE TILES/Ground Tiles V1/Ground Sprites/2-3.png using Guid(f4594ac671b09754b8917310974c5221) Importer(815301076,1909f56bfc062723c751e8b465ee728b)  -> (artifact id: '93dacc0a33ca655c70f887610688509c') in 0.028893 seconds
Number of updated asset objects reloaded before import = 0
Number of asset objects unloaded after import = 17
========================================================================
Received Import Request.
  Time since last request: 11.702212 seconds.
  path: Assets/GROUND TILESETS RULE TILES/Ground Tiles V1/Rule Tiles/1-1.asset
  artifactKey: Guid(75c819b2564b9e347b38c71d3e6be504) Importer(815301076,1909f56bfc062723c751e8b465ee728b)
Start importing Assets/GROUND TILESETS RULE TILES/Ground Tiles V1/Rule Tiles/1-1.asset using Guid(75c819b2564b9e347b38c71d3e6be504) Importer(815301076,1909f56bfc062723c751e8b465ee728b)  -> (artifact id: 'b1745b5bbd472eface911d3350f55089') in 0.016002 seconds
Number of updated asset objects reloaded before import = 0
Number of asset objects unloaded after import = 17
========================================================================
Received Import Request.
  Time since last request: 0.000017 seconds.
  path: Assets/GROUND TILESETS RULE TILES/Ground Tiles V1/Rule Tiles/17.asset
  artifactKey: Guid(3129f14649684ae488d2ad8252efd842) Importer(815301076,1909f56bfc062723c751e8b465ee728b)
Start importing Assets/GROUND TILESETS RULE TILES/Ground Tiles V1/Rule Tiles/17.asset using Guid(3129f14649684ae488d2ad8252efd842) Importer(815301076,1909f56bfc062723c751e8b465ee728b)  -> (artifact id: '19e1cef8a3b9d15c397d181f2d6698ec') in 0.008462 seconds
Number of updated asset objects reloaded before import = 0
Number of asset objects unloaded after import = 17
========================================================================
Received Import Request.
  Time since last request: 0.000016 seconds.
  path: Assets/GROUND TILESETS RULE TILES/Ground Tiles V1/Rule Tiles/1-3.asset
  artifactKey: Guid(7079856b0ef64f14994a08407a890fc3) Importer(815301076,1909f56bfc062723c751e8b465ee728b)
Start importing Assets/GROUND TILESETS RULE TILES/Ground Tiles V1/Rule Tiles/1-3.asset using Guid(7079856b0ef64f14994a08407a890fc3) Importer(815301076,1909f56bfc062723c751e8b465ee728b)  -> (artifact id: '49efcb2c46780ee316204dd488734409') in 0.010231 seconds
Number of updated asset objects reloaded before import = 0
Number of asset objects unloaded after import = 17
========================================================================
Received Import Request.
  Time since last request: 0.000016 seconds.
  path: Assets/GROUND TILESETS RULE TILES/Ground Tiles V1/Rule Tiles/260.asset
  artifactKey: Guid(7dc5f93d22c3ce648baa5cf62a3a3e40) Importer(815301076,1909f56bfc062723c751e8b465ee728b)
Start importing Assets/GROUND TILESETS RULE TILES/Ground Tiles V1/Rule Tiles/260.asset using Guid(7dc5f93d22c3ce648baa5cf62a3a3e40) Importer(815301076,1909f56bfc062723c751e8b465ee728b)  -> (artifact id: 'c228d267e61126a0c0482b91c6c9fed9') in 0.010442 seconds
Number of updated asset objects reloaded before import = 0
Number of asset objects unloaded after import = 17
========================================================================
Received Import Request.
  Time since last request: 0.000017 seconds.
  path: Assets/GROUND TILESETS RULE TILES/Ground Tiles V1/Rule Tiles/10.asset
  artifactKey: Guid(40e1c0173b3cbac4b940c90ec351eb2a) Importer(815301076,1909f56bfc062723c751e8b465ee728b)
Start importing Assets/GROUND TILESETS RULE TILES/Ground Tiles V1/Rule Tiles/10.asset using Guid(40e1c0173b3cbac4b940c90ec351eb2a) Importer(815301076,1909f56bfc062723c751e8b465ee728b)  -> (artifact id: '1d5764a85bf5910800128f24665b11aa') in 0.011778 seconds
Number of updated asset objects reloaded before import = 0
Number of asset objects unloaded after import = 17
========================================================================
Received Import Request.
  Time since last request: 0.000020 seconds.
  path: Assets/GROUND TILESETS RULE TILES/Ground Tiles V1/Rule Tiles/5.asset
  artifactKey: Guid(936fdf6afc94a1a4ea73c52e5ab014f4) Importer(815301076,1909f56bfc062723c751e8b465ee728b)
Start importing Assets/GROUND TILESETS RULE TILES/Ground Tiles V1/Rule Tiles/5.asset using Guid(936fdf6afc94a1a4ea73c52e5ab014f4) Importer(815301076,1909f56bfc062723c751e8b465ee728b)  -> (artifact id: '684515c1916ec17a34b44dac0902e630') in 0.010766 seconds
Number of updated asset objects reloaded before import = 0
Number of asset objects unloaded after import = 17
========================================================================
Received Import Request.
  Time since last request: 0.000014 seconds.
  path: Assets/GROUND TILESETS RULE TILES/Ground Tiles V1/Rule Tiles/13.asset
  artifactKey: Guid(a11f0a32543495849a9181bbea943599) Importer(815301076,1909f56bfc062723c751e8b465ee728b)
Start importing Assets/GROUND TILESETS RULE TILES/Ground Tiles V1/Rule Tiles/13.asset using Guid(a11f0a32543495849a9181bbea943599) Importer(815301076,1909f56bfc062723c751e8b465ee728b)  -> (artifact id: 'b8859fcaa167878c3490312d346b9106') in 0.009343 seconds
Number of updated asset objects reloaded before import = 0
Number of asset objects unloaded after import = 17
========================================================================
Received Import Request.
  Time since last request: 0.000013 seconds.
  path: Assets/GROUND TILESETS RULE TILES/Ground Tiles V1/Rule Tiles/24.asset
  artifactKey: Guid(b179587c2b450644294db28a395e1225) Importer(815301076,1909f56bfc062723c751e8b465ee728b)
Start importing Assets/GROUND TILESETS RULE TILES/Ground Tiles V1/Rule Tiles/24.asset using Guid(b179587c2b450644294db28a395e1225) Importer(815301076,1909f56bfc062723c751e8b465ee728b)  -> (artifact id: 'b742ad4dc4263c919d4ab3c6fb09c7db') in 0.012766 seconds
Number of updated asset objects reloaded before import = 0
Number of asset objects unloaded after import = 17
========================================================================
Received Import Request.
  Time since last request: 0.000021 seconds.
  path: Assets/GROUND TILESETS RULE TILES/Ground Tiles V1/Rule Tiles/261.asset
  artifactKey: Guid(cc0651af0589607469622f60a1bd0437) Importer(815301076,1909f56bfc062723c751e8b465ee728b)
Start importing Assets/GROUND TILESETS RULE TILES/Ground Tiles V1/Rule Tiles/261.asset using Guid(cc0651af0589607469622f60a1bd0437) Importer(815301076,1909f56bfc062723c751e8b465ee728b)  -> (artifact id: 'b38e7f2bd73a38207f1f54b43d98984b') in 0.010812 seconds
Number of updated asset objects reloaded before import = 0
Number of asset objects unloaded after import = 17
========================================================================
Received Import Request.
  Time since last request: 0.000044 seconds.
  path: Assets/GROUND TILESETS RULE TILES/Ground Tiles V1/Rule Tiles/19.asset
  artifactKey: Guid(e359be5f9b1cdbe4f944fe9ba78ebd1a) Importer(815301076,1909f56bfc062723c751e8b465ee728b)
Start importing Assets/GROUND TILESETS RULE TILES/Ground Tiles V1/Rule Tiles/19.asset using Guid(e359be5f9b1cdbe4f944fe9ba78ebd1a) Importer(815301076,1909f56bfc062723c751e8b465ee728b)  -> (artifact id: '0bbb3eace523665422a5d7bc938bb5a9') in 0.010185 seconds
Number of updated asset objects reloaded before import = 0
Number of asset objects unloaded after import = 17
========================================================================
Received Import Request.
  Time since last request: 0.000020 seconds.
  path: Assets/GROUND TILESETS RULE TILES/Ground Tiles V1/Rule Tiles/22.asset
  artifactKey: Guid(533f9036e8253c74385d88914ee4ca3f) Importer(815301076,1909f56bfc062723c751e8b465ee728b)
Start importing Assets/GROUND TILESETS RULE TILES/Ground Tiles V1/Rule Tiles/22.asset using Guid(533f9036e8253c74385d88914ee4ca3f) Importer(815301076,1909f56bfc062723c751e8b465ee728b)  -> (artifact id: 'c103df22ddf4a1ccba5abc06579b8724') in 0.015118 seconds
Number of updated asset objects reloaded before import = 0
Number of asset objects unloaded after import = 17
========================================================================
Received Import Request.
  Time since last request: 0.000021 seconds.
  path: Assets/GROUND TILESETS RULE TILES/Ground Tiles V1/Rule Tiles/3-2.asset
  artifactKey: Guid(671117ce339bc25438a202d2ff071f87) Importer(815301076,1909f56bfc062723c751e8b465ee728b)
Start importing Assets/GROUND TILESETS RULE TILES/Ground Tiles V1/Rule Tiles/3-2.asset using Guid(671117ce339bc25438a202d2ff071f87) Importer(815301076,1909f56bfc062723c751e8b465ee728b)  -> (artifact id: 'c4a57a6482f5379fcd312c0533527793') in 0.011467 seconds
Number of updated asset objects reloaded before import = 0
Number of asset objects unloaded after import = 17
========================================================================
Received Import Request.
  Time since last request: 0.000018 seconds.
  path: Assets/GROUND TILESETS RULE TILES/Ground Tiles V1/Rule Tiles/1-2.asset
  artifactKey: Guid(1f13fa9d7634891418fbe6df86d742f6) Importer(815301076,1909f56bfc062723c751e8b465ee728b)
Start importing Assets/GROUND TILESETS RULE TILES/Ground Tiles V1/Rule Tiles/1-2.asset using Guid(1f13fa9d7634891418fbe6df86d742f6) Importer(815301076,1909f56bfc062723c751e8b465ee728b)  -> (artifact id: '5ac2dacd66fe440f04db325c69da06fa') in 0.009922 seconds
Number of updated asset objects reloaded before import = 0
Number of asset objects unloaded after import = 17
========================================================================
Received Import Request.
  Time since last request: 0.000018 seconds.
  path: Assets/GROUND TILESETS RULE TILES/Ground Tiles V1/Rule Tiles/25.asset
  artifactKey: Guid(118499b5e05f4b34da544f6373778943) Importer(815301076,1909f56bfc062723c751e8b465ee728b)
Start importing Assets/GROUND TILESETS RULE TILES/Ground Tiles V1/Rule Tiles/25.asset using Guid(118499b5e05f4b34da544f6373778943) Importer(815301076,1909f56bfc062723c751e8b465ee728b)  -> (artifact id: '35062f42499e65608dd76e331f43b0c1') in 0.011568 seconds
Number of updated asset objects reloaded before import = 0
Number of asset objects unloaded after import = 17
========================================================================
Received Import Request.
  Time since last request: 0.000017 seconds.
  path: Assets/GROUND TILESETS RULE TILES/Ground Tiles V1/Rule Tiles/9.asset
  artifactKey: Guid(689f70b86b2a44f4b9c2f58becc65dcf) Importer(815301076,1909f56bfc062723c751e8b465ee728b)
Start importing Assets/GROUND TILESETS RULE TILES/Ground Tiles V1/Rule Tiles/9.asset using Guid(689f70b86b2a44f4b9c2f58becc65dcf) Importer(815301076,1909f56bfc062723c751e8b465ee728b)  -> (artifact id: '6f1962de11065a861e4d0d8beb991b4d') in 0.011895 seconds
Number of updated asset objects reloaded before import = 0
Number of asset objects unloaded after import = 17
========================================================================
Received Import Request.
  Time since last request: 0.000017 seconds.
  path: Assets/GROUND TILESETS RULE TILES/Ground Tiles V1/Rule Tiles/20.asset
  artifactKey: Guid(0a6e8c6fcda2e71418822dcaba800b4c) Importer(815301076,1909f56bfc062723c751e8b465ee728b)
Start importing Assets/GROUND TILESETS RULE TILES/Ground Tiles V1/Rule Tiles/20.asset using Guid(0a6e8c6fcda2e71418822dcaba800b4c) Importer(815301076,1909f56bfc062723c751e8b465ee728b)  -> (artifact id: 'b49e73f68e6cd244d601a0508c3cb51b') in 0.010783 seconds
Number of updated asset objects reloaded before import = 0
Number of asset objects unloaded after import = 17
========================================================================
Received Import Request.
  Time since last request: 0.000019 seconds.
  path: Assets/GROUND TILESETS RULE TILES/Ground Tiles V1/Rule Tiles/21.asset
  artifactKey: Guid(d15060082eb61c547bd4f052bda56b45) Importer(815301076,1909f56bfc062723c751e8b465ee728b)
Start importing Assets/GROUND TILESETS RULE TILES/Ground Tiles V1/Rule Tiles/21.asset using Guid(d15060082eb61c547bd4f052bda56b45) Importer(815301076,1909f56bfc062723c751e8b465ee728b)  -> (artifact id: 'ee8145f7384290bb6325951f0b5e54b0') in 0.014842 seconds
Number of updated asset objects reloaded before import = 0
Number of asset objects unloaded after import = 17
========================================================================
Received Prepare
Begin MonoManager ReloadAssembly
- Loaded All Assemblies, in  0.381 seconds
Refreshing native plugins compatible for Editor in 5.07 ms, found 4 plugins.
Native extension for WindowsStandalone target not found
Native extension for WebGL target not found
[Package Manager] Server::EnsureServerProcessIsRunning -- launch failed, reason: Unity was launched with the -noUpm command-line argument
[Package Manager] UpmClient::Send -- Unable to send message (not connected to UPM process).
[Package Manager] Cannot connect to Unity Package Manager local server
Mono: successfully reloaded assembly
- Finished resetting the current domain, in  1.135 seconds
Domain Reload Profiling: 1513ms
	BeginReloadAssembly (143ms)
		ExecutionOrderSort (0ms)
		DisableScriptedObjects (10ms)
		BackupInstance (0ms)
		ReleaseScriptingObjects (0ms)
		CreateAndSetChildDomain (35ms)
	RebuildCommonClasses (23ms)
	RebuildNativeTypeToScriptingClass (8ms)
	initialDomainReloadingComplete (25ms)
	LoadAllAssembliesAndSetupDomain (179ms)
		LoadAssemblies (241ms)
		RebuildTransferFunctionScriptingTraits (0ms)
		AnalyzeDomain (9ms)
			TypeCache.Refresh (4ms)
				TypeCache.ScanAssembly (0ms)
			ScanForSourceGeneratedMonoScriptInfo (0ms)
			ResolveRequiredComponents (4ms)
	FinalizeReload (1136ms)
		ReleaseScriptCaches (0ms)
		RebuildScriptCaches (0ms)
		SetupLoadedEditorAssemblies (548ms)
			LogAssemblyErrors (0ms)
			InitializePlatformSupportModulesInManaged (6ms)
			SetLoadedEditorAssemblies (4ms)
			RefreshPlugins (0ms)
			BeforeProcessingInitializeOnLoad (72ms)
			ProcessInitializeOnLoadAttributes (428ms)
			ProcessInitializeOnLoadMethodAttributes (30ms)
			AfterProcessingInitializeOnLoad (7ms)
			EditorAssembliesLoaded (0ms)
		ExecutionOrderSort2 (0ms)
		AwakeInstancesAfterBackupRestoration (12ms)
Refreshing native plugins compatible for Editor in 5.30 ms, found 4 plugins.
Preloading 0 native plugins for Editor in 0.00 ms.
Unloading 4049 Unused Serialized files (Serialized files now loaded: 0)
Unloading 37 unused Assets / (35.8 KB). Loaded Objects now: 4537.
Memory consumption went from 142.9 MB to 142.9 MB.
Total: 4.101700 ms (FindLiveObjects: 0.439600 ms CreateObjectMapping: 0.263700 ms MarkObjects: 3.339600 ms  DeleteObjects: 0.057900 ms)

Prepare: number of updated asset objects reloaded= 0
AssetImportParameters requested are different than current active one (requested -> active):
  custom:container-demuxer-ogg: 62fdf1f143b41e24485cea50d1cbac27 -> 
  custom:video-codec-MediaFoundation-h265: 746d11721c4dcdbdad8f713fa42b33f4 -> 
  custom:video-decoder-ogg-theora: a1e56fd34408186e4bbccfd4996cb3dc -> 
  custom:framework-win-MediaFoundation: 216162199b28c13a410421893ffa2e32 -> 
  custom:CustomObjectIndexerAttribute: 9a22284fe3817be447336de3de66b15e -> 
  custom:container-demuxer-webm: 4f35f7cbe854078d1ac9338744f61a02 -> 
  custom:container-muxer-webm: aa71ff27fc2769a1b78a27578f13a17b -> 
  custom:video-decoder-webm-vp8: 9c59270c3fd7afecdb556c50c9e8de78 -> 
  custom:SearchIndexIgnoredProperties: e643bd26f0fe6173181afceb89e7c659 -> 
  custom:AudioImporter_EditorPlatform: d09bf68614088b80899f8185d706f6e7 -> 
  custom:video-encoder-webm-vp8: eb34c28f22e8b96e1ab97ce403110664 -> 
  custom:audio-decoder-ogg-vorbis: bf7c407c2cedff20999df2af8eb42d56 -> 
  custom:audio-encoder-webm-vorbis: bf7c407c2cedff20999df2af8eb42d56 -> 
========================================================================
Received Prepare
Begin MonoManager ReloadAssembly
- Loaded All Assemblies, in  0.378 seconds
Refreshing native plugins compatible for Editor in 5.32 ms, found 4 plugins.
Native extension for WindowsStandalone target not found
Native extension for WebGL target not found
[Package Manager] Server::EnsureServerProcessIsRunning -- launch failed, reason: Unity was launched with the -noUpm command-line argument
[Package Manager] UpmClient::Send -- Unable to send message (not connected to UPM process).
[Package Manager] Cannot connect to Unity Package Manager local server
Mono: successfully reloaded assembly
- Finished resetting the current domain, in  1.109 seconds
Domain Reload Profiling: 1483ms
	BeginReloadAssembly (136ms)
		ExecutionOrderSort (0ms)
		DisableScriptedObjects (9ms)
		BackupInstance (0ms)
		ReleaseScriptingObjects (0ms)
		CreateAndSetChildDomain (31ms)
	RebuildCommonClasses (24ms)
	RebuildNativeTypeToScriptingClass (8ms)
	initialDomainReloadingComplete (29ms)
	LoadAllAssembliesAndSetupDomain (178ms)
		LoadAssemblies (237ms)
		RebuildTransferFunctionScriptingTraits (0ms)
		AnalyzeDomain (10ms)
			TypeCache.Refresh (4ms)
				TypeCache.ScanAssembly (0ms)
			ScanForSourceGeneratedMonoScriptInfo (0ms)
			ResolveRequiredComponents (5ms)
	FinalizeReload (1109ms)
		ReleaseScriptCaches (0ms)
		RebuildScriptCaches (0ms)
		SetupLoadedEditorAssemblies (544ms)
			LogAssemblyErrors (0ms)
			InitializePlatformSupportModulesInManaged (9ms)
			SetLoadedEditorAssemblies (4ms)
			RefreshPlugins (0ms)
			BeforeProcessingInitializeOnLoad (68ms)
			ProcessInitializeOnLoadAttributes (426ms)
			ProcessInitializeOnLoadMethodAttributes (29ms)
			AfterProcessingInitializeOnLoad (8ms)
			EditorAssembliesLoaded (0ms)
		ExecutionOrderSort2 (0ms)
		AwakeInstancesAfterBackupRestoration (11ms)
Refreshing native plugins compatible for Editor in 6.37 ms, found 4 plugins.
Preloading 0 native plugins for Editor in 0.00 ms.
Unloading 4050 Unused Serialized files (Serialized files now loaded: 0)
Unloading 37 unused Assets / (35.8 KB). Loaded Objects now: 4541.
Memory consumption went from 143.2 MB to 143.2 MB.
Total: 3.956800 ms (FindLiveObjects: 0.364800 ms CreateObjectMapping: 0.474000 ms MarkObjects: 3.058200 ms  DeleteObjects: 0.058900 ms)

Prepare: number of updated asset objects reloaded= 0
AssetImportParameters requested are different than current active one (requested -> active):
  custom:container-demuxer-ogg: 62fdf1f143b41e24485cea50d1cbac27 -> 
  custom:video-codec-MediaFoundation-h265: 746d11721c4dcdbdad8f713fa42b33f4 -> 
  custom:video-decoder-ogg-theora: a1e56fd34408186e4bbccfd4996cb3dc -> 
  custom:framework-win-MediaFoundation: 216162199b28c13a410421893ffa2e32 -> 
  custom:CustomObjectIndexerAttribute: 9a22284fe3817be447336de3de66b15e -> 
  custom:container-demuxer-webm: 4f35f7cbe854078d1ac9338744f61a02 -> 
  custom:container-muxer-webm: aa71ff27fc2769a1b78a27578f13a17b -> 
  custom:video-decoder-webm-vp8: 9c59270c3fd7afecdb556c50c9e8de78 -> 
  custom:SearchIndexIgnoredProperties: e643bd26f0fe6173181afceb89e7c659 -> 
  custom:AudioImporter_EditorPlatform: d09bf68614088b80899f8185d706f6e7 -> 
  custom:video-encoder-webm-vp8: eb34c28f22e8b96e1ab97ce403110664 -> 
  custom:audio-decoder-ogg-vorbis: bf7c407c2cedff20999df2af8eb42d56 -> 
  custom:audio-encoder-webm-vorbis: bf7c407c2cedff20999df2af8eb42d56 -> 
========================================================================
Received Prepare
Begin MonoManager ReloadAssembly
- Loaded All Assemblies, in  0.381 seconds
Refreshing native plugins compatible for Editor in 4.64 ms, found 4 plugins.
Native extension for WindowsStandalone target not found
Native extension for WebGL target not found
[Package Manager] Server::EnsureServerProcessIsRunning -- launch failed, reason: Unity was launched with the -noUpm command-line argument
[Package Manager] UpmClient::Send -- Unable to send message (not connected to UPM process).
[Package Manager] Cannot connect to Unity Package Manager local server
Mono: successfully reloaded assembly
- Finished resetting the current domain, in  1.139 seconds
Domain Reload Profiling: 1516ms
	BeginReloadAssembly (144ms)
		ExecutionOrderSort (0ms)
		DisableScriptedObjects (9ms)
		BackupInstance (0ms)
		ReleaseScriptingObjects (0ms)
		CreateAndSetChildDomain (33ms)
	RebuildCommonClasses (27ms)
	RebuildNativeTypeToScriptingClass (8ms)
	initialDomainReloadingComplete (23ms)
	LoadAllAssembliesAndSetupDomain (175ms)
		LoadAssemblies (239ms)
		RebuildTransferFunctionScriptingTraits (0ms)
		AnalyzeDomain (9ms)
			TypeCache.Refresh (4ms)
				TypeCache.ScanAssembly (0ms)
			ScanForSourceGeneratedMonoScriptInfo (0ms)
			ResolveRequiredComponents (5ms)
	FinalizeReload (1139ms)
		ReleaseScriptCaches (0ms)
		RebuildScriptCaches (0ms)
		SetupLoadedEditorAssemblies (547ms)
			LogAssemblyErrors (0ms)
			InitializePlatformSupportModulesInManaged (6ms)
			SetLoadedEditorAssemblies (3ms)
			RefreshPlugins (0ms)
			BeforeProcessingInitializeOnLoad (72ms)
			ProcessInitializeOnLoadAttributes (427ms)
			ProcessInitializeOnLoadMethodAttributes (31ms)
			AfterProcessingInitializeOnLoad (7ms)
			EditorAssembliesLoaded (0ms)
		ExecutionOrderSort2 (0ms)
		AwakeInstancesAfterBackupRestoration (13ms)
Refreshing native plugins compatible for Editor in 6.94 ms, found 4 plugins.
Preloading 0 native plugins for Editor in 0.00 ms.
Unloading 4050 Unused Serialized files (Serialized files now loaded: 0)
Unloading 37 unused Assets / (35.7 KB). Loaded Objects now: 4545.
Memory consumption went from 143.2 MB to 143.2 MB.
Total: 3.432200 ms (FindLiveObjects: 0.250600 ms CreateObjectMapping: 0.195800 ms MarkObjects: 2.933100 ms  DeleteObjects: 0.052000 ms)

Prepare: number of updated asset objects reloaded= 0
AssetImportParameters requested are different than current active one (requested -> active):
  custom:container-demuxer-ogg: 62fdf1f143b41e24485cea50d1cbac27 -> 
  custom:video-codec-MediaFoundation-h265: 746d11721c4dcdbdad8f713fa42b33f4 -> 
  custom:video-decoder-ogg-theora: a1e56fd34408186e4bbccfd4996cb3dc -> 
  custom:framework-win-MediaFoundation: 216162199b28c13a410421893ffa2e32 -> 
  custom:CustomObjectIndexerAttribute: 9a22284fe3817be447336de3de66b15e -> 
  custom:container-demuxer-webm: 4f35f7cbe854078d1ac9338744f61a02 -> 
  custom:container-muxer-webm: aa71ff27fc2769a1b78a27578f13a17b -> 
  custom:video-decoder-webm-vp8: 9c59270c3fd7afecdb556c50c9e8de78 -> 
  custom:SearchIndexIgnoredProperties: e643bd26f0fe6173181afceb89e7c659 -> 
  custom:AudioImporter_EditorPlatform: d09bf68614088b80899f8185d706f6e7 -> 
  custom:video-encoder-webm-vp8: eb34c28f22e8b96e1ab97ce403110664 -> 
  custom:audio-decoder-ogg-vorbis: bf7c407c2cedff20999df2af8eb42d56 -> 
  custom:audio-encoder-webm-vorbis: bf7c407c2cedff20999df2af8eb42d56 -> 
========================================================================
Received Import Request.
  Time since last request: 5038.187552 seconds.
  path: Assets/FreePixelFood/Sprite/Food.png
  artifactKey: Guid(142ff8784e552734f9d6a895491d0ae8) Importer(815301076,1909f56bfc062723c751e8b465ee728b)
Start importing Assets/FreePixelFood/Sprite/Food.png using Guid(142ff8784e552734f9d6a895491d0ae8) Importer(815301076,1909f56bfc062723c751e8b465ee728b)  -> (artifact id: 'ad42ce62e6d4f0336c871c2b23052c3d') in 0.136833 seconds
Number of updated asset objects reloaded before import = 0
Number of asset objects unloaded after import = 66
========================================================================
Received Import Request.
  Time since last request: 5.018819 seconds.
  path: Assets/FreePixelFood/Sprite/Food/Saki.png
  artifactKey: Guid(d2abe2baa59a0ea4993d1e5f9bf97cd3) Importer(815301076,1909f56bfc062723c751e8b465ee728b)
Start importing Assets/FreePixelFood/Sprite/Food/Saki.png using Guid(d2abe2baa59a0ea4993d1e5f9bf97cd3) Importer(815301076,1909f56bfc062723c751e8b465ee728b)  -> (artifact id: '78bd85e9fbed764b7a03ca4dafc2093b') in 0.015599 seconds
Number of updated asset objects reloaded before import = 0
Number of asset objects unloaded after import = 3
========================================================================
Received Import Request.
  Time since last request: 2.970077 seconds.
  path: Assets/FreePixelFood/Sprite/Food/Potato.png
  artifactKey: Guid(7dd21f826a119274bb085376073e5cbd) Importer(815301076,1909f56bfc062723c751e8b465ee728b)
Start importing Assets/FreePixelFood/Sprite/Food/Potato.png using Guid(7dd21f826a119274bb085376073e5cbd) Importer(815301076,1909f56bfc062723c751e8b465ee728b)  -> (artifact id: '1cfe08a5845e80e744ad812a5124fcfe') in 0.026289 seconds
Number of updated asset objects reloaded before import = 0
Number of asset objects unloaded after import = 3
========================================================================
Received Import Request.
  Time since last request: 0.001570 seconds.
  path: Assets/FreePixelFood/Sprite/Food/PieApple.png
  artifactKey: Guid(849b5da8cd3dc0a428bc921c66b6f435) Importer(815301076,1909f56bfc062723c751e8b465ee728b)
Start importing Assets/FreePixelFood/Sprite/Food/PieApple.png using Guid(849b5da8cd3dc0a428bc921c66b6f435) Importer(815301076,1909f56bfc062723c751e8b465ee728b)  -> (artifact id: '5c4a768182c0fe8f46d9159abac704f9') in 0.019559 seconds
Number of updated asset objects reloaded before import = 0
Number of asset objects unloaded after import = 3
========================================================================
Received Import Request.
  Time since last request: 0.000018 seconds.
  path: Assets/FreePixelFood/Sprite/Food/PickledEggs.png
  artifactKey: Guid(9c2c25cdab33c434e959d382d3b79d94) Importer(815301076,1909f56bfc062723c751e8b465ee728b)
Start importing Assets/FreePixelFood/Sprite/Food/PickledEggs.png using Guid(9c2c25cdab33c434e959d382d3b79d94) Importer(815301076,1909f56bfc062723c751e8b465ee728b)  -> (artifact id: '23b857183e578ac5757a88788adf3126') in 0.021128 seconds
Number of updated asset objects reloaded before import = 0
Number of asset objects unloaded after import = 3
========================================================================
Received Import Request.
  Time since last request: 0.000016 seconds.
  path: Assets/FreePixelFood/Sprite/Food/PieLemon.png
  artifactKey: Guid(cc4c3524c7779d44dbcf4d432bbe9d06) Importer(815301076,1909f56bfc062723c751e8b465ee728b)
Start importing Assets/FreePixelFood/Sprite/Food/PieLemon.png using Guid(cc4c3524c7779d44dbcf4d432bbe9d06) Importer(815301076,1909f56bfc062723c751e8b465ee728b)  -> (artifact id: '55a4eb6f062315d5492fe7acec40d3cc') in 0.013684 seconds
Number of updated asset objects reloaded before import = 0
Number of asset objects unloaded after import = 3
========================================================================
Received Import Request.
  Time since last request: 1.090960 seconds.
  path: Assets/FreePixelFood/Sprite/Food/Pepperoni.png
  artifactKey: Guid(dfd48ca86c0710d45ac96a8fb08b8ce3) Importer(815301076,1909f56bfc062723c751e8b465ee728b)
Start importing Assets/FreePixelFood/Sprite/Food/Pepperoni.png using Guid(dfd48ca86c0710d45ac96a8fb08b8ce3) Importer(815301076,1909f56bfc062723c751e8b465ee728b)  -> (artifact id: 'c691621c78dc91b0798f4f26cebbc4ec') in 0.011678 seconds
Number of updated asset objects reloaded before import = 0
Number of asset objects unloaded after import = 3
========================================================================
Received Import Request.
  Time since last request: 0.000015 seconds.
  path: Assets/FreePixelFood/Sprite/Food/PepperRed.png
  artifactKey: Guid(0699585d82b9b5f49bee6abb309077c4) Importer(815301076,1909f56bfc062723c751e8b465ee728b)
Start importing Assets/FreePixelFood/Sprite/Food/PepperRed.png using Guid(0699585d82b9b5f49bee6abb309077c4) Importer(815301076,1909f56bfc062723c751e8b465ee728b)  -> (artifact id: '5dff30d4fa952f970168bf3a22a21db5') in 0.011660 seconds
Number of updated asset objects reloaded before import = 0
Number of asset objects unloaded after import = 3
========================================================================
Received Import Request.
  Time since last request: 2.494397 seconds.
  path: Assets/FreePixelFood/Sprite/Food/Onion.png
  artifactKey: Guid(8fdcf9a56ea7d8a4fb2f76292efe48bf) Importer(815301076,1909f56bfc062723c751e8b465ee728b)
Start importing Assets/FreePixelFood/Sprite/Food/Onion.png using Guid(8fdcf9a56ea7d8a4fb2f76292efe48bf) Importer(815301076,1909f56bfc062723c751e8b465ee728b)  -> (artifact id: 'd71cee94c55153168b22112baf192a34') in 0.012311 seconds
Number of updated asset objects reloaded before import = 0
Number of asset objects unloaded after import = 3
========================================================================
Received Import Request.
  Time since last request: 5.487845 seconds.
  path: Assets/FreePixelFood/Sprite/Food/MelonWater.png
  artifactKey: Guid(8570c189a28e22145ac611fc417acd64) Importer(815301076,1909f56bfc062723c751e8b465ee728b)
Start importing Assets/FreePixelFood/Sprite/Food/MelonWater.png using Guid(8570c189a28e22145ac611fc417acd64) Importer(815301076,1909f56bfc062723c751e8b465ee728b)  -> (artifact id: 'a90e4d5bccf1875ef7bbf40bb3ea122d') in 0.021687 seconds
Number of updated asset objects reloaded before import = 0
Number of asset objects unloaded after import = 3
========================================================================
Received Import Request.
  Time since last request: 0.051405 seconds.
  path: Assets/FreePixelFood/Sprite/Food/MelonCantaloupe.png
  artifactKey: Guid(4dd71f5a6ba179e4a9fa772deb37fe01) Importer(815301076,1909f56bfc062723c751e8b465ee728b)
Start importing Assets/FreePixelFood/Sprite/Food/MelonCantaloupe.png using Guid(4dd71f5a6ba179e4a9fa772deb37fe01) Importer(815301076,1909f56bfc062723c751e8b465ee728b)  -> (artifact id: '1d2fd1a32be6d15456c19187d4b4a964') in 0.017170 seconds
Number of updated asset objects reloaded before import = 0
Number of asset objects unloaded after import = 3
========================================================================
Received Prepare
Begin MonoManager ReloadAssembly
- Loaded All Assemblies, in  0.390 seconds
Refreshing native plugins compatible for Editor in 5.78 ms, found 4 plugins.
Native extension for WindowsStandalone target not found
Native extension for WebGL target not found
[Package Manager] Server::EnsureServerProcessIsRunning -- launch failed, reason: Unity was launched with the -noUpm command-line argument
[Package Manager] UpmClient::Send -- Unable to send message (not connected to UPM process).
[Package Manager] Cannot connect to Unity Package Manager local server
Mono: successfully reloaded assembly
- Finished resetting the current domain, in  1.159 seconds
Domain Reload Profiling: 1546ms
	BeginReloadAssembly (144ms)
		ExecutionOrderSort (0ms)
		DisableScriptedObjects (8ms)
		BackupInstance (0ms)
		ReleaseScriptingObjects (0ms)
		CreateAndSetChildDomain (37ms)
	RebuildCommonClasses (32ms)
	RebuildNativeTypeToScriptingClass (9ms)
	initialDomainReloadingComplete (25ms)
	LoadAllAssembliesAndSetupDomain (177ms)
		LoadAssemblies (238ms)
		RebuildTransferFunctionScriptingTraits (0ms)
		AnalyzeDomain (11ms)
			TypeCache.Refresh (4ms)
				TypeCache.ScanAssembly (0ms)
			ScanForSourceGeneratedMonoScriptInfo (0ms)
			ResolveRequiredComponents (6ms)
	FinalizeReload (1159ms)
		ReleaseScriptCaches (0ms)
		RebuildScriptCaches (0ms)
		SetupLoadedEditorAssemblies (540ms)
			LogAssemblyErrors (0ms)
			InitializePlatformSupportModulesInManaged (6ms)
			SetLoadedEditorAssemblies (3ms)
			RefreshPlugins (0ms)
			BeforeProcessingInitializeOnLoad (67ms)
			ProcessInitializeOnLoadAttributes (427ms)
			ProcessInitializeOnLoadMethodAttributes (30ms)
			AfterProcessingInitializeOnLoad (7ms)
			EditorAssembliesLoaded (0ms)
		ExecutionOrderSort2 (0ms)
		AwakeInstancesAfterBackupRestoration (11ms)
Refreshing native plugins compatible for Editor in 8.20 ms, found 4 plugins.
Preloading 0 native plugins for Editor in 0.00 ms.
Unloading 4049 Unused Serialized files (Serialized files now loaded: 0)
Unloading 37 unused Assets / (35.7 KB). Loaded Objects now: 4551.
Memory consumption went from 143.0 MB to 142.9 MB.
Total: 3.619300 ms (FindLiveObjects: 0.426900 ms CreateObjectMapping: 0.187700 ms MarkObjects: 2.940900 ms  DeleteObjects: 0.063000 ms)

Prepare: number of updated asset objects reloaded= 0
AssetImportParameters requested are different than current active one (requested -> active):
  custom:container-demuxer-ogg: 62fdf1f143b41e24485cea50d1cbac27 -> 
  custom:video-codec-MediaFoundation-h265: 746d11721c4dcdbdad8f713fa42b33f4 -> 
  custom:video-decoder-ogg-theora: a1e56fd34408186e4bbccfd4996cb3dc -> 
  custom:framework-win-MediaFoundation: 216162199b28c13a410421893ffa2e32 -> 
  custom:CustomObjectIndexerAttribute: 9a22284fe3817be447336de3de66b15e -> 
  custom:container-demuxer-webm: 4f35f7cbe854078d1ac9338744f61a02 -> 
  custom:container-muxer-webm: aa71ff27fc2769a1b78a27578f13a17b -> 
  custom:video-decoder-webm-vp8: 9c59270c3fd7afecdb556c50c9e8de78 -> 
  custom:SearchIndexIgnoredProperties: e643bd26f0fe6173181afceb89e7c659 -> 
  custom:AudioImporter_EditorPlatform: d09bf68614088b80899f8185d706f6e7 -> 
  custom:video-encoder-webm-vp8: eb34c28f22e8b96e1ab97ce403110664 -> 
  custom:audio-decoder-ogg-vorbis: bf7c407c2cedff20999df2af8eb42d56 -> 
  custom:audio-encoder-webm-vorbis: bf7c407c2cedff20999df2af8eb42d56 -> 
========================================================================
Received Prepare
Begin MonoManager ReloadAssembly
- Loaded All Assemblies, in  0.380 seconds
Refreshing native plugins compatible for Editor in 5.85 ms, found 4 plugins.
Native extension for WindowsStandalone target not found
Native extension for WebGL target not found
[Package Manager] Server::EnsureServerProcessIsRunning -- launch failed, reason: Unity was launched with the -noUpm command-line argument
[Package Manager] UpmClient::Send -- Unable to send message (not connected to UPM process).
[Package Manager] Cannot connect to Unity Package Manager local server
Mono: successfully reloaded assembly
- Finished resetting the current domain, in  1.112 seconds
Domain Reload Profiling: 1489ms
	BeginReloadAssembly (134ms)
		ExecutionOrderSort (0ms)
		DisableScriptedObjects (9ms)
		BackupInstance (0ms)
		ReleaseScriptingObjects (0ms)
		CreateAndSetChildDomain (32ms)
	RebuildCommonClasses (29ms)
	RebuildNativeTypeToScriptingClass (8ms)
	initialDomainReloadingComplete (28ms)
	LoadAllAssembliesAndSetupDomain (177ms)
		LoadAssemblies (233ms)
		RebuildTransferFunctionScriptingTraits (0ms)
		AnalyzeDomain (9ms)
			TypeCache.Refresh (4ms)
				TypeCache.ScanAssembly (0ms)
			ScanForSourceGeneratedMonoScriptInfo (0ms)
			ResolveRequiredComponents (4ms)
	FinalizeReload (1112ms)
		ReleaseScriptCaches (0ms)
		RebuildScriptCaches (0ms)
		SetupLoadedEditorAssemblies (505ms)
			LogAssemblyErrors (0ms)
			InitializePlatformSupportModulesInManaged (6ms)
			SetLoadedEditorAssemblies (3ms)
			RefreshPlugins (0ms)
			BeforeProcessingInitializeOnLoad (66ms)
			ProcessInitializeOnLoadAttributes (394ms)
			ProcessInitializeOnLoadMethodAttributes (30ms)
			AfterProcessingInitializeOnLoad (7ms)
			EditorAssembliesLoaded (0ms)
		ExecutionOrderSort2 (0ms)
		AwakeInstancesAfterBackupRestoration (11ms)
Refreshing native plugins compatible for Editor in 6.39 ms, found 4 plugins.
Preloading 0 native plugins for Editor in 0.00 ms.
Unloading 4050 Unused Serialized files (Serialized files now loaded: 0)
Unloading 37 unused Assets / (35.9 KB). Loaded Objects now: 4555.
Memory consumption went from 143.2 MB to 143.2 MB.
Total: 3.773900 ms (FindLiveObjects: 0.277700 ms CreateObjectMapping: 0.221900 ms MarkObjects: 3.223500 ms  DeleteObjects: 0.050100 ms)

Prepare: number of updated asset objects reloaded= 0
AssetImportParameters requested are different than current active one (requested -> active):
  custom:container-demuxer-ogg: 62fdf1f143b41e24485cea50d1cbac27 -> 
  custom:video-codec-MediaFoundation-h265: 746d11721c4dcdbdad8f713fa42b33f4 -> 
  custom:video-decoder-ogg-theora: a1e56fd34408186e4bbccfd4996cb3dc -> 
  custom:framework-win-MediaFoundation: 216162199b28c13a410421893ffa2e32 -> 
  custom:CustomObjectIndexerAttribute: 9a22284fe3817be447336de3de66b15e -> 
  custom:container-demuxer-webm: 4f35f7cbe854078d1ac9338744f61a02 -> 
  custom:container-muxer-webm: aa71ff27fc2769a1b78a27578f13a17b -> 
  custom:video-decoder-webm-vp8: 9c59270c3fd7afecdb556c50c9e8de78 -> 
  custom:SearchIndexIgnoredProperties: e643bd26f0fe6173181afceb89e7c659 -> 
  custom:AudioImporter_EditorPlatform: d09bf68614088b80899f8185d706f6e7 -> 
  custom:video-encoder-webm-vp8: eb34c28f22e8b96e1ab97ce403110664 -> 
  custom:audio-decoder-ogg-vorbis: bf7c407c2cedff20999df2af8eb42d56 -> 
  custom:audio-encoder-webm-vorbis: bf7c407c2cedff20999df2af8eb42d56 -> 
========================================================================
Received Prepare
Begin MonoManager ReloadAssembly
- Loaded All Assemblies, in  0.387 seconds
Refreshing native plugins compatible for Editor in 5.49 ms, found 4 plugins.
Native extension for WindowsStandalone target not found
Native extension for WebGL target not found
[Package Manager] Server::EnsureServerProcessIsRunning -- launch failed, reason: Unity was launched with the -noUpm command-line argument
[Package Manager] UpmClient::Send -- Unable to send message (not connected to UPM process).
[Package Manager] Cannot connect to Unity Package Manager local server
Mono: successfully reloaded assembly
- Finished resetting the current domain, in  1.174 seconds
Domain Reload Profiling: 1558ms
	BeginReloadAssembly (137ms)
		ExecutionOrderSort (0ms)
		DisableScriptedObjects (9ms)
		BackupInstance (0ms)
		ReleaseScriptingObjects (0ms)
		CreateAndSetChildDomain (30ms)
	RebuildCommonClasses (37ms)
	RebuildNativeTypeToScriptingClass (8ms)
	initialDomainReloadingComplete (25ms)
	LoadAllAssembliesAndSetupDomain (176ms)
		LoadAssemblies (239ms)
		RebuildTransferFunctionScriptingTraits (0ms)
		AnalyzeDomain (9ms)
			TypeCache.Refresh (4ms)
				TypeCache.ScanAssembly (0ms)
			ScanForSourceGeneratedMonoScriptInfo (0ms)
			ResolveRequiredComponents (5ms)
	FinalizeReload (1174ms)
		ReleaseScriptCaches (0ms)
		RebuildScriptCaches (0ms)
		SetupLoadedEditorAssemblies (542ms)
			LogAssemblyErrors (0ms)
			InitializePlatformSupportModulesInManaged (7ms)
			SetLoadedEditorAssemblies (3ms)
			RefreshPlugins (0ms)
			BeforeProcessingInitializeOnLoad (72ms)
			ProcessInitializeOnLoadAttributes (422ms)
			ProcessInitializeOnLoadMethodAttributes (30ms)
			AfterProcessingInitializeOnLoad (7ms)
			EditorAssembliesLoaded (0ms)
		ExecutionOrderSort2 (0ms)
		AwakeInstancesAfterBackupRestoration (12ms)
Refreshing native plugins compatible for Editor in 6.34 ms, found 4 plugins.
Preloading 0 native plugins for Editor in 0.00 ms.
Unloading 4050 Unused Serialized files (Serialized files now loaded: 0)
Unloading 37 unused Assets / (35.9 KB). Loaded Objects now: 4559.
Memory consumption went from 143.2 MB to 143.2 MB.
Total: 3.422800 ms (FindLiveObjects: 0.237700 ms CreateObjectMapping: 0.211100 ms MarkObjects: 2.923500 ms  DeleteObjects: 0.049800 ms)

Prepare: number of updated asset objects reloaded= 0
AssetImportParameters requested are different than current active one (requested -> active):
  custom:container-demuxer-ogg: 62fdf1f143b41e24485cea50d1cbac27 -> 
  custom:video-codec-MediaFoundation-h265: 746d11721c4dcdbdad8f713fa42b33f4 -> 
  custom:video-decoder-ogg-theora: a1e56fd34408186e4bbccfd4996cb3dc -> 
  custom:framework-win-MediaFoundation: 216162199b28c13a410421893ffa2e32 -> 
  custom:CustomObjectIndexerAttribute: 9a22284fe3817be447336de3de66b15e -> 
  custom:container-demuxer-webm: 4f35f7cbe854078d1ac9338744f61a02 -> 
  custom:container-muxer-webm: aa71ff27fc2769a1b78a27578f13a17b -> 
  custom:video-decoder-webm-vp8: 9c59270c3fd7afecdb556c50c9e8de78 -> 
  custom:SearchIndexIgnoredProperties: e643bd26f0fe6173181afceb89e7c659 -> 
  custom:AudioImporter_EditorPlatform: d09bf68614088b80899f8185d706f6e7 -> 
  custom:video-encoder-webm-vp8: eb34c28f22e8b96e1ab97ce403110664 -> 
  custom:audio-decoder-ogg-vorbis: bf7c407c2cedff20999df2af8eb42d56 -> 
  custom:audio-encoder-webm-vorbis: bf7c407c2cedff20999df2af8eb42d56 -> 
