Using pre-set license
Built from '2022.3/staging' branch; Version is '2022.3.30f1 (70558241b701) revision 7361922'; Using compiler version '192829333'; Build Type 'Release'
OS: 'Windows 11  (10.0.22631) 64bit Professional' Language: 'es' Physical Memory: 32691 MB
BatchMode: 1, IsHumanControllingUs: 0, StartBugReporterOnCrash: 0, Is64bit: 1, IsPro: 1

COMMAND LINE ARGUMENTS:
C:\Program Files\Unity\Hub\Editor\2022.3.30f1\Editor\Unity.exe
-adb2
-batchMode
-noUpm
-name
AssetImportWorker4
-projectPath
C:/Users/matia/OneDrive/Escritorio/zombiehunter/ZombieHunter
-logFile
Logs/AssetImportWorker4.log
-srvPort
59429
Successfully changed project path to: C:/Users/matia/OneDrive/Escritorio/zombiehunter/ZombieHunter
C:/Users/matia/OneDrive/Escritorio/zombiehunter/ZombieHunter
[UnityMemory] Configuration Parameters - Can be set up in boot.config
    "memorysetup-bucket-allocator-granularity=16"
    "memorysetup-bucket-allocator-bucket-count=8"
    "memorysetup-bucket-allocator-block-size=33554432"
    "memorysetup-bucket-allocator-block-count=8"
    "memorysetup-main-allocator-block-size=16777216"
    "memorysetup-thread-allocator-block-size=16777216"
    "memorysetup-gfx-main-allocator-block-size=16777216"
    "memorysetup-gfx-thread-allocator-block-size=16777216"
    "memorysetup-cache-allocator-block-size=4194304"
    "memorysetup-typetree-allocator-block-size=2097152"
    "memorysetup-profiler-bucket-allocator-granularity=16"
    "memorysetup-profiler-bucket-allocator-bucket-count=8"
    "memorysetup-profiler-bucket-allocator-block-size=33554432"
    "memorysetup-profiler-bucket-allocator-block-count=8"
    "memorysetup-profiler-allocator-block-size=16777216"
    "memorysetup-profiler-editor-allocator-block-size=1048576"
    "memorysetup-temp-allocator-size-main=16777216"
    "memorysetup-job-temp-allocator-block-size=2097152"
    "memorysetup-job-temp-allocator-block-size-background=1048576"
    "memorysetup-job-temp-allocator-reduction-small-platforms=262144"
    "memorysetup-allocator-temp-initial-block-size-main=262144"
    "memorysetup-allocator-temp-initial-block-size-worker=262144"
    "memorysetup-temp-allocator-size-background-worker=32768"
    "memorysetup-temp-allocator-size-job-worker=262144"
    "memorysetup-temp-allocator-size-preload-manager=33554432"
    "memorysetup-temp-allocator-size-nav-mesh-worker=65536"
    "memorysetup-temp-allocator-size-audio-worker=65536"
    "memorysetup-temp-allocator-size-cloud-worker=32768"
    "memorysetup-temp-allocator-size-gi-baking-worker=262144"
    "memorysetup-temp-allocator-size-gfx=262144"
Player connection [16228] Host "[IP] 192.168.100.150 [Port] 0 [Flags] 2 [Guid] 2870353923 [EditorId] 2870353923 [Version] 1048832 [Id] WindowsEditor(7,MATIAS) [Debug] 1 [PackageName] WindowsEditor [ProjectName] Editor" joined multi-casting on [225.0.0.222:54997]...

Player connection [16228] Host "[IP] 192.168.100.150 [Port] 0 [Flags] 2 [Guid] 2870353923 [EditorId] 2870353923 [Version] 1048832 [Id] WindowsEditor(7,MATIAS) [Debug] 1 [PackageName] WindowsEditor [ProjectName] Editor" joined alternative multi-casting on [225.0.0.222:34997]...

[Physics::Module] Initialized MultithreadedJobDispatcher with 11 workers.
Refreshing native plugins compatible for Editor in 16.82 ms, found 4 plugins.
Preloading 0 native plugins for Editor in 0.00 ms.
Initialize engine version: 2022.3.30f1 (70558241b701)
[Subsystems] Discovering subsystems at path C:/Program Files/Unity/Hub/Editor/2022.3.30f1/Editor/Data/Resources/UnitySubsystems
[Subsystems] Discovering subsystems at path C:/Users/matia/OneDrive/Escritorio/zombiehunter/ZombieHunter/Assets
GfxDevice: creating device client; threaded=0; jobified=0
Direct3D:
    Version:  Direct3D 11.0 [level 11.1]
    Renderer: NVIDIA GeForce RTX 3070 (ID=0x2484)
    Vendor:   NVIDIA
    VRAM:     8018 MB
    Driver:   32.0.15.5612
Initialize mono
Mono path[0] = 'C:/Program Files/Unity/Hub/Editor/2022.3.30f1/Editor/Data/Managed'
Mono path[1] = 'C:/Program Files/Unity/Hub/Editor/2022.3.30f1/Editor/Data/MonoBleedingEdge/lib/mono/unityjit-win32'
Mono config path = 'C:/Program Files/Unity/Hub/Editor/2022.3.30f1/Editor/Data/MonoBleedingEdge/etc'
Using monoOptions --debugger-agent=transport=dt_socket,embedding=1,server=y,suspend=n,address=127.0.0.1:56652
Begin MonoManager ReloadAssembly
Registering precompiled unity dll's ...
Register platform support module: C:/Program Files/Unity/Hub/Editor/2022.3.30f1/Editor/Data/PlaybackEngines/WebGLSupport/UnityEditor.WebGL.Extensions.dll
Register platform support module: C:/Program Files/Unity/Hub/Editor/2022.3.30f1/Editor/Data/PlaybackEngines/WindowsStandaloneSupport/UnityEditor.WindowsStandalone.Extensions.dll
Registered in 0.007215 seconds.
- Loaded All Assemblies, in  0.312 seconds
Native extension for WindowsStandalone target not found
Native extension for WebGL target not found
Mono: successfully reloaded assembly
- Finished resetting the current domain, in  0.198 seconds
Domain Reload Profiling: 508ms
	BeginReloadAssembly (119ms)
		ExecutionOrderSort (0ms)
		DisableScriptedObjects (0ms)
		BackupInstance (0ms)
		ReleaseScriptingObjects (0ms)
		CreateAndSetChildDomain (1ms)
	RebuildCommonClasses (37ms)
	RebuildNativeTypeToScriptingClass (11ms)
	initialDomainReloadingComplete (49ms)
	LoadAllAssembliesAndSetupDomain (94ms)
		LoadAssemblies (117ms)
		RebuildTransferFunctionScriptingTraits (0ms)
		AnalyzeDomain (93ms)
			TypeCache.Refresh (92ms)
				TypeCache.ScanAssembly (83ms)
			ScanForSourceGeneratedMonoScriptInfo (0ms)
			ResolveRequiredComponents (0ms)
	FinalizeReload (198ms)
		ReleaseScriptCaches (0ms)
		RebuildScriptCaches (0ms)
		SetupLoadedEditorAssemblies (157ms)
			LogAssemblyErrors (0ms)
			InitializePlatformSupportModulesInManaged (7ms)
			SetLoadedEditorAssemblies (4ms)
			RefreshPlugins (0ms)
			BeforeProcessingInitializeOnLoad (2ms)
			ProcessInitializeOnLoadAttributes (109ms)
			ProcessInitializeOnLoadMethodAttributes (35ms)
			AfterProcessingInitializeOnLoad (0ms)
			EditorAssembliesLoaded (0ms)
		ExecutionOrderSort2 (0ms)
		AwakeInstancesAfterBackupRestoration (0ms)
========================================================================
Worker process is ready to serve import requests
Begin MonoManager ReloadAssembly
- Loaded All Assemblies, in  0.469 seconds
Refreshing native plugins compatible for Editor in 4.73 ms, found 4 plugins.
Native extension for WindowsStandalone target not found
Native extension for WebGL target not found
Package Manager log level set to [2]
[Package Manager] Server::EnsureServerProcessIsRunning -- launch failed, reason: Unity was launched with the -noUpm command-line argument
[Package Manager] UpmClient::Send -- Unable to send message (not connected to UPM process).
[Package Manager] Cannot connect to Unity Package Manager local server
Mono: successfully reloaded assembly
- Finished resetting the current domain, in  0.579 seconds
Domain Reload Profiling: 1045ms
	BeginReloadAssembly (111ms)
		ExecutionOrderSort (0ms)
		DisableScriptedObjects (4ms)
		BackupInstance (0ms)
		ReleaseScriptingObjects (0ms)
		CreateAndSetChildDomain (16ms)
	RebuildCommonClasses (23ms)
	RebuildNativeTypeToScriptingClass (8ms)
	initialDomainReloadingComplete (33ms)
	LoadAllAssembliesAndSetupDomain (290ms)
		LoadAssemblies (236ms)
		RebuildTransferFunctionScriptingTraits (0ms)
		AnalyzeDomain (120ms)
			TypeCache.Refresh (100ms)
				TypeCache.ScanAssembly (90ms)
			ScanForSourceGeneratedMonoScriptInfo (15ms)
			ResolveRequiredComponents (4ms)
	FinalizeReload (580ms)
		ReleaseScriptCaches (0ms)
		RebuildScriptCaches (0ms)
		SetupLoadedEditorAssemblies (466ms)
			LogAssemblyErrors (0ms)
			InitializePlatformSupportModulesInManaged (6ms)
			SetLoadedEditorAssemblies (3ms)
			RefreshPlugins (0ms)
			BeforeProcessingInitializeOnLoad (54ms)
			ProcessInitializeOnLoadAttributes (371ms)
			ProcessInitializeOnLoadMethodAttributes (27ms)
			AfterProcessingInitializeOnLoad (6ms)
			EditorAssembliesLoaded (0ms)
		ExecutionOrderSort2 (0ms)
		AwakeInstancesAfterBackupRestoration (5ms)
Launched and connected shader compiler UnityShaderCompiler.exe after 0.03 seconds
Refreshing native plugins compatible for Editor in 4.80 ms, found 4 plugins.
Preloading 0 native plugins for Editor in 0.00 ms.
Unloading 4062 Unused Serialized files (Serialized files now loaded: 0)
Unloading 65 unused Assets / (62.2 KB). Loaded Objects now: 4524.
Memory consumption went from 141.9 MB to 141.8 MB.
Total: 3.196200 ms (FindLiveObjects: 0.227300 ms CreateObjectMapping: 0.090500 ms MarkObjects: 2.773400 ms  DeleteObjects: 0.104200 ms)

AssetImportParameters requested are different than current active one (requested -> active):
  custom:container-demuxer-ogg: 62fdf1f143b41e24485cea50d1cbac27 -> 
  custom:video-codec-MediaFoundation-h265: 746d11721c4dcdbdad8f713fa42b33f4 -> 
  custom:video-decoder-ogg-theora: a1e56fd34408186e4bbccfd4996cb3dc -> 
  custom:framework-win-MediaFoundation: 216162199b28c13a410421893ffa2e32 -> 
  custom:CustomObjectIndexerAttribute: 9a22284fe3817be447336de3de66b15e -> 
  custom:container-demuxer-webm: 4f35f7cbe854078d1ac9338744f61a02 -> 
  custom:container-muxer-webm: aa71ff27fc2769a1b78a27578f13a17b -> 
  custom:video-decoder-webm-vp8: 9c59270c3fd7afecdb556c50c9e8de78 -> 
  custom:SearchIndexIgnoredProperties: e643bd26f0fe6173181afceb89e7c659 -> 
  custom:AudioImporter_EditorPlatform: d09bf68614088b80899f8185d706f6e7 -> 
  custom:video-encoder-webm-vp8: eb34c28f22e8b96e1ab97ce403110664 -> 
  custom:audio-decoder-ogg-vorbis: bf7c407c2cedff20999df2af8eb42d56 -> 
  custom:audio-encoder-webm-vorbis: bf7c407c2cedff20999df2af8eb42d56 -> 
========================================================================
Received Import Request.
  Time since last request: 1177278.658120 seconds.
  path: Assets/GROUND TILESETS RULE TILES/Ground Tiles V1/Rule Tiles/1.asset
  artifactKey: Guid(dd0c35503d9d94d43a15a7fa0e422efa) Importer(815301076,1909f56bfc062723c751e8b465ee728b)
Start importing Assets/GROUND TILESETS RULE TILES/Ground Tiles V1/Rule Tiles/1.asset using Guid(dd0c35503d9d94d43a15a7fa0e422efa) Importer(815301076,1909f56bfc062723c751e8b465ee728b)  -> (artifact id: '69e456dbf208a25195d5f30ec9f3f828') in 0.070291 seconds
Number of updated asset objects reloaded before import = 0
Number of asset objects unloaded after import = 17
========================================================================
Received Import Request.
  Time since last request: 0.000018 seconds.
  path: Assets/GROUND TILESETS RULE TILES/Ground Tiles V1/Rule Tiles/8.asset
  artifactKey: Guid(d746e8f3c30b4f44da7d2ecc1771ea5e) Importer(815301076,1909f56bfc062723c751e8b465ee728b)
Start importing Assets/GROUND TILESETS RULE TILES/Ground Tiles V1/Rule Tiles/8.asset using Guid(d746e8f3c30b4f44da7d2ecc1771ea5e) Importer(815301076,1909f56bfc062723c751e8b465ee728b)  -> (artifact id: '752669c71b644dcdd3a4ebdcbc62cc99') in 0.013787 seconds
Number of updated asset objects reloaded before import = 0
Number of asset objects unloaded after import = 17
========================================================================
Received Import Request.
  Time since last request: 0.000024 seconds.
  path: Assets/GROUND TILESETS RULE TILES/Ground Tiles V1/Rule Tiles/14.asset
  artifactKey: Guid(1cf7d71b32273f34ba1f3dfada9052e4) Importer(815301076,1909f56bfc062723c751e8b465ee728b)
Start importing Assets/GROUND TILESETS RULE TILES/Ground Tiles V1/Rule Tiles/14.asset using Guid(1cf7d71b32273f34ba1f3dfada9052e4) Importer(815301076,1909f56bfc062723c751e8b465ee728b)  -> (artifact id: 'd1282601dbddf1fe35433d0fd7e69835') in 0.008932 seconds
Number of updated asset objects reloaded before import = 0
Number of asset objects unloaded after import = 17
========================================================================
Received Import Request.
  Time since last request: 0.000014 seconds.
  path: Assets/GROUND TILESETS RULE TILES/Ground Tiles V1/Rule Tiles/2-1.asset
  artifactKey: Guid(3d52345cc75167c46a41773204c4ac9b) Importer(815301076,1909f56bfc062723c751e8b465ee728b)
Start importing Assets/GROUND TILESETS RULE TILES/Ground Tiles V1/Rule Tiles/2-1.asset using Guid(3d52345cc75167c46a41773204c4ac9b) Importer(815301076,1909f56bfc062723c751e8b465ee728b)  -> (artifact id: '10fd6bfb15eafc30cef8f2de21ca7b92') in 0.010929 seconds
Number of updated asset objects reloaded before import = 0
Number of asset objects unloaded after import = 17
========================================================================
Received Import Request.
  Time since last request: 0.000014 seconds.
  path: Assets/GROUND TILESETS RULE TILES/Ground Tiles V1/Rule Tiles/3-4.asset
  artifactKey: Guid(0db8ccde95b06fd48a9f5af31c4978bb) Importer(815301076,1909f56bfc062723c751e8b465ee728b)
Start importing Assets/GROUND TILESETS RULE TILES/Ground Tiles V1/Rule Tiles/3-4.asset using Guid(0db8ccde95b06fd48a9f5af31c4978bb) Importer(815301076,1909f56bfc062723c751e8b465ee728b)  -> (artifact id: '81b6995d6746f7729a44238638939cda') in 0.010018 seconds
Number of updated asset objects reloaded before import = 0
Number of asset objects unloaded after import = 17
========================================================================
Received Import Request.
  Time since last request: 0.000017 seconds.
  path: Assets/GROUND TILESETS RULE TILES/Ground Tiles V1/Rule Tiles/7.asset
  artifactKey: Guid(77ea60adaa5f12f47a787a3bddbffcfe) Importer(815301076,1909f56bfc062723c751e8b465ee728b)
Start importing Assets/GROUND TILESETS RULE TILES/Ground Tiles V1/Rule Tiles/7.asset using Guid(77ea60adaa5f12f47a787a3bddbffcfe) Importer(815301076,1909f56bfc062723c751e8b465ee728b)  -> (artifact id: 'a952451e5c7440a2d65860372fe39272') in 0.015023 seconds
Number of updated asset objects reloaded before import = 0
Number of asset objects unloaded after import = 17
========================================================================
Received Import Request.
  Time since last request: 0.000012 seconds.
  path: Assets/GROUND TILESETS RULE TILES/Ground Tiles V1/Rule Tiles/11.asset
  artifactKey: Guid(f18f4eb6828b13542a633bcfa65736be) Importer(815301076,1909f56bfc062723c751e8b465ee728b)
Start importing Assets/GROUND TILESETS RULE TILES/Ground Tiles V1/Rule Tiles/11.asset using Guid(f18f4eb6828b13542a633bcfa65736be) Importer(815301076,1909f56bfc062723c751e8b465ee728b)  -> (artifact id: 'c6d2d7447c02fbc8e8b792b568800f01') in 0.011255 seconds
Number of updated asset objects reloaded before import = 0
Number of asset objects unloaded after import = 17
========================================================================
Received Import Request.
  Time since last request: 0.000017 seconds.
  path: Assets/GROUND TILESETS RULE TILES/Ground Tiles V1/Rule Tiles/3.asset
  artifactKey: Guid(1073965a668db514fa70c73a8c0f811c) Importer(815301076,1909f56bfc062723c751e8b465ee728b)
Start importing Assets/GROUND TILESETS RULE TILES/Ground Tiles V1/Rule Tiles/3.asset using Guid(1073965a668db514fa70c73a8c0f811c) Importer(815301076,1909f56bfc062723c751e8b465ee728b)  -> (artifact id: '6a2523ed01229dd1af811f4dea5f89d8') in 0.010615 seconds
Number of updated asset objects reloaded before import = 0
Number of asset objects unloaded after import = 17
========================================================================
Received Import Request.
  Time since last request: 0.000015 seconds.
  path: Assets/GROUND TILESETS RULE TILES/Ground Tiles V1/Rule Tiles/12.asset
  artifactKey: Guid(45bddb6387145c2408c4aab74c3a14ea) Importer(815301076,1909f56bfc062723c751e8b465ee728b)
Start importing Assets/GROUND TILESETS RULE TILES/Ground Tiles V1/Rule Tiles/12.asset using Guid(45bddb6387145c2408c4aab74c3a14ea) Importer(815301076,1909f56bfc062723c751e8b465ee728b)  -> (artifact id: '515b8dfa5c417b945e205133fd54e59f') in 0.010338 seconds
Number of updated asset objects reloaded before import = 0
Number of asset objects unloaded after import = 17
========================================================================
Received Import Request.
  Time since last request: 0.000016 seconds.
  path: Assets/GROUND TILESETS RULE TILES/Ground Tiles V1/Rule Tiles/2-4.asset
  artifactKey: Guid(56bfc9b948a687449b84f7d7845e7dcc) Importer(815301076,1909f56bfc062723c751e8b465ee728b)
Start importing Assets/GROUND TILESETS RULE TILES/Ground Tiles V1/Rule Tiles/2-4.asset using Guid(56bfc9b948a687449b84f7d7845e7dcc) Importer(815301076,1909f56bfc062723c751e8b465ee728b)  -> (artifact id: '8caf6d7699775734496d7b6dd7a600c2') in 0.012909 seconds
Number of updated asset objects reloaded before import = 0
Number of asset objects unloaded after import = 17
========================================================================
Received Import Request.
  Time since last request: 0.000013 seconds.
  path: Assets/GROUND TILESETS RULE TILES/Ground Tiles V1/Rule Tiles/1-4.asset
  artifactKey: Guid(9b64d8ebc5d9ae84782db8361ad938ad) Importer(815301076,1909f56bfc062723c751e8b465ee728b)
Start importing Assets/GROUND TILESETS RULE TILES/Ground Tiles V1/Rule Tiles/1-4.asset using Guid(9b64d8ebc5d9ae84782db8361ad938ad) Importer(815301076,1909f56bfc062723c751e8b465ee728b)  -> (artifact id: '381e3de5c6b5c8609c331fe8ab5f9986') in 0.011601 seconds
Number of updated asset objects reloaded before import = 0
Number of asset objects unloaded after import = 17
Editor requested this worker to shutdown with reason: Scaling down because of idle timeout
TcpMessagingSession - receive error: operation aborted. errorcode: 995, details: La operación de E/S se anuló por una salida de subproceso o por una solicitud de aplicación.
AssetImportWorker is now disconnected from the server
Process exiting
Exiting without the bug reporter. Application will terminate with return code 0